[0.012s] Invoking command in '/workspace/src/ros/build/turtlesim': CMAKE_PREFIX_PATH=/opt/ros/humble /usr/bin/cmake /workspace/src/ros/ros_tutorials/turtlesim -DCMAKE_INSTALL_PREFIX=/workspace/src/ros/install/turtlesim
[0.095s] -- The C compiler identification is Clang 18.1.8
[0.194s] -- The CXX compiler identification is Clang 18.1.8
[0.200s] -- Detecting C compiler ABI info
[0.301s] -- Detecting C compiler ABI info - done
[0.306s] -- Check for working C compiler: /usr/bin/clang-18 - skipped
[0.306s] -- Detecting C compile features
[0.307s] -- Detecting C compile features - done
[0.310s] -- Detecting CXX compiler ABI info
[0.438s] -- Detecting CXX compiler ABI info - done
[0.443s] -- Check for working CXX compiler: /usr/bin/clang++-18 - skipped
[0.444s] -- Detecting CXX compile features
[0.444s] -- Detecting CXX compile features - done
[0.447s] -- Found ament_cmake: 1.3.12 (/opt/ros/humble/share/ament_cmake/cmake)
[0.595s] -- Found Python3: /usr/bin/python3 (found version "3.10.12") found components: Interpreter 
[0.693s] -- Found ament_index_cpp: 1.4.0 (/opt/ros/humble/share/ament_index_cpp/cmake)
[0.696s] -- Found geometry_msgs: 4.9.0 (/opt/ros/humble/share/geometry_msgs/cmake)
[0.741s] -- Found rosidl_generator_c: 3.1.7 (/opt/ros/humble/share/rosidl_generator_c/cmake)
[0.747s] -- Found rosidl_adapter: 3.1.7 (/opt/ros/humble/share/rosidl_adapter/cmake)
[0.757s] -- Found rosidl_generator_cpp: 3.1.7 (/opt/ros/humble/share/rosidl_generator_cpp/cmake)
[0.771s] -- Using all available rosidl_typesupport_c: rosidl_typesupport_fastrtps_c;rosidl_typesupport_introspection_c
[0.789s] -- Using all available rosidl_typesupport_cpp: rosidl_typesupport_fastrtps_cpp;rosidl_typesupport_introspection_cpp
[0.843s] -- Found rclcpp: 16.0.15 (/opt/ros/humble/share/rclcpp/cmake)
[0.884s] -- Found rmw_implementation_cmake: 6.1.2 (/opt/ros/humble/share/rmw_implementation_cmake/cmake)
[0.887s] -- Found rmw_fastrtps_cpp: 6.2.9 (/opt/ros/humble/share/rmw_fastrtps_cpp/cmake)
[0.987s] -- Found OpenSSL: /usr/lib/x86_64-linux-gnu/libcrypto.so (found version "3.0.2")  
[1.025s] -- Found FastRTPS: /opt/ros/humble/include  
[1.087s] -- Using RMW implementation 'rmw_fastrtps_cpp' as default
[1.098s] -- Looking for pthread.h
[1.205s] -- Looking for pthread.h - found
[1.205s] -- Performing Test CMAKE_HAVE_LIBC_PTHREAD
[1.320s] -- Performing Test CMAKE_HAVE_LIBC_PTHREAD - Success
[1.321s] -- Found Threads: TRUE  
[1.364s] -- Found rclcpp_action: 16.0.15 (/opt/ros/humble/share/rclcpp_action/cmake)
[1.409s] -- Found rosidl_default_generators: 1.2.0 (/opt/ros/humble/share/rosidl_default_generators/cmake)
[1.420s] -- Found std_srvs: 4.9.0 (/opt/ros/humble/share/std_srvs/cmake)
[1.729s] -- Found ament_cmake_ros: 0.10.0 (/opt/ros/humble/share/ament_cmake_ros/cmake)
[2.045s] -- Using all available rosidl_typesupport_c: rosidl_typesupport_fastrtps_c;rosidl_typesupport_introspection_c
[2.163s] -- Using all available rosidl_typesupport_cpp: rosidl_typesupport_fastrtps_cpp;rosidl_typesupport_introspection_cpp
[2.184s] -- Found PythonInterp: /usr/bin/python3 (found suitable version "3.10.12", minimum required is "3.6") 
[2.187s] -- Found python_cmake_module: 0.10.0 (/opt/ros/humble/share/python_cmake_module/cmake)
[2.212s] -- Found PythonLibs: /usr/lib/x86_64-linux-gnu/libpython3.10.so (found suitable version "3.10.12", minimum required is "3.5") 
[2.212s] -- Using PYTHON_EXECUTABLE: /usr/bin/python3
[2.212s] -- Using PYTHON_INCLUDE_DIRS: /usr/include/python3.10
[2.212s] -- Using PYTHON_LIBRARIES: /usr/lib/x86_64-linux-gnu/libpython3.10.so
[2.232s] -- Found PythonExtra: .so  
[2.283s] -- Configuring done
[2.351s] -- Generating done
[2.372s] -- Build files have been written to: /workspace/src/ros/build/turtlesim
[2.388s] Invoked command in '/workspace/src/ros/build/turtlesim' returned '0': CMAKE_PREFIX_PATH=/opt/ros/humble /usr/bin/cmake /workspace/src/ros/ros_tutorials/turtlesim -DCMAKE_INSTALL_PREFIX=/workspace/src/ros/install/turtlesim
[2.389s] Invoking command in '/workspace/src/ros/build/turtlesim': CMAKE_PREFIX_PATH=/opt/ros/humble /usr/bin/cmake --build /workspace/src/ros/build/turtlesim -- -j4 -l4
[2.437s] [  1%] [34m[1mGenerating C code for ROS interfaces[0m
[2.453s] [  2%] [34m[1mGenerating C++ code for ROS interfaces[0m
[2.459s] [  2%] Built target ament_cmake_python_copy_turtlesim
[2.791s] running egg_info
[2.792s] creating turtlesim.egg-info
[2.792s] writing turtlesim.egg-info/PKG-INFO
[2.793s] writing dependency_links to turtlesim.egg-info/dependency_links.txt
[2.793s] writing top-level names to turtlesim.egg-info/top_level.txt
[2.793s] writing manifest file 'turtlesim.egg-info/SOURCES.txt'
[2.795s] reading manifest file 'turtlesim.egg-info/SOURCES.txt'
[2.796s] writing manifest file 'turtlesim.egg-info/SOURCES.txt'
[2.832s] [  2%] Built target ament_cmake_python_build_turtlesim_egg
[3.415s] [  2%] Built target turtlesim__cpp
[3.428s] [  4%] [34m[1mGenerating C++ introspection for ROS interfaces[0m
[3.429s] [  4%] [34m[1mGenerating C++ type support dispatch for ROS interfaces[0m
[3.429s] [  5%] [34m[1mGenerating C++ type support for eProsima Fast-RTPS[0m
[3.985s] [  6%] [32mBuilding C object CMakeFiles/turtlesim__rosidl_generator_c.dir/rosidl_generator_c/turtlesim/action/detail/rotate_absolute__functions.c.o[0m
[4.126s] [  7%] [32mBuilding C object CMakeFiles/turtlesim__rosidl_generator_c.dir/rosidl_generator_c/turtlesim/msg/detail/color__functions.c.o[0m
[4.210s] [  8%] [32mBuilding C object CMakeFiles/turtlesim__rosidl_generator_c.dir/rosidl_generator_c/turtlesim/msg/detail/pose__functions.c.o[0m
[4.286s] [  9%] [32mBuilding C object CMakeFiles/turtlesim__rosidl_generator_c.dir/rosidl_generator_c/turtlesim/srv/detail/kill__functions.c.o[0m
[4.313s] [ 10%] [32mBuilding CXX object CMakeFiles/turtlesim__rosidl_typesupport_cpp.dir/rosidl_typesupport_cpp/turtlesim/action/rotate_absolute__type_support.cpp.o[0m
[4.373s] [ 11%] [32mBuilding C object CMakeFiles/turtlesim__rosidl_generator_c.dir/rosidl_generator_c/turtlesim/srv/detail/set_pen__functions.c.o[0m
[4.456s] [ 12%] [32mBuilding C object CMakeFiles/turtlesim__rosidl_generator_c.dir/rosidl_generator_c/turtlesim/srv/detail/spawn__functions.c.o[0m
[4.541s] [ 13%] [32mBuilding C object CMakeFiles/turtlesim__rosidl_generator_c.dir/rosidl_generator_c/turtlesim/srv/detail/teleport_absolute__functions.c.o[0m
[4.606s] [ 14%] [32mBuilding CXX object CMakeFiles/turtlesim__rosidl_typesupport_introspection_cpp.dir/rosidl_typesupport_introspection_cpp/turtlesim/action/detail/rotate_absolute__type_support.cpp.o[0m
[4.618s] [ 15%] [32mBuilding C object CMakeFiles/turtlesim__rosidl_generator_c.dir/rosidl_generator_c/turtlesim/srv/detail/teleport_relative__functions.c.o[0m
[4.697s] [ 16%] [32m[1mLinking C shared library libturtlesim__rosidl_generator_c.so[0m
[4.775s] [ 16%] Built target turtlesim__rosidl_generator_c
[4.786s] [ 18%] [32mBuilding CXX object CMakeFiles/turtlesim__rosidl_typesupport_cpp.dir/rosidl_typesupport_cpp/turtlesim/msg/color__type_support.cpp.o[0m
[4.787s] [ 18%] [32mBuilding CXX object CMakeFiles/turtlesim__rosidl_typesupport_fastrtps_cpp.dir/rosidl_typesupport_fastrtps_cpp/turtlesim/action/detail/dds_fastrtps/rotate_absolute__type_support.cpp.o[0m
[5.237s] [ 19%] [32mBuilding CXX object CMakeFiles/turtlesim__rosidl_typesupport_introspection_cpp.dir/rosidl_typesupport_introspection_cpp/turtlesim/msg/detail/color__type_support.cpp.o[0m
[5.333s] [ 20%] [32mBuilding CXX object CMakeFiles/turtlesim__rosidl_typesupport_cpp.dir/rosidl_typesupport_cpp/turtlesim/msg/pose__type_support.cpp.o[0m
[5.810s] [ 21%] [32mBuilding CXX object CMakeFiles/turtlesim__rosidl_typesupport_cpp.dir/rosidl_typesupport_cpp/turtlesim/srv/kill__type_support.cpp.o[0m
[5.889s] [ 22%] [32mBuilding CXX object CMakeFiles/turtlesim__rosidl_typesupport_cpp.dir/rosidl_typesupport_cpp/turtlesim/srv/set_pen__type_support.cpp.o[0m
[5.922s] [ 23%] [32mBuilding CXX object CMakeFiles/turtlesim__rosidl_typesupport_fastrtps_cpp.dir/rosidl_typesupport_fastrtps_cpp/turtlesim/msg/detail/dds_fastrtps/color__type_support.cpp.o[0m
[6.012s] [ 24%] [32mBuilding CXX object CMakeFiles/turtlesim__rosidl_typesupport_introspection_cpp.dir/rosidl_typesupport_introspection_cpp/turtlesim/msg/detail/pose__type_support.cpp.o[0m
[6.376s] [ 25%] [32mBuilding CXX object CMakeFiles/turtlesim__rosidl_typesupport_introspection_cpp.dir/rosidl_typesupport_introspection_cpp/turtlesim/srv/detail/kill__type_support.cpp.o[0m
[6.456s] [ 26%] [32mBuilding CXX object CMakeFiles/turtlesim__rosidl_typesupport_cpp.dir/rosidl_typesupport_cpp/turtlesim/srv/spawn__type_support.cpp.o[0m
[6.774s] [ 27%] [32mBuilding CXX object CMakeFiles/turtlesim__rosidl_typesupport_fastrtps_cpp.dir/rosidl_typesupport_fastrtps_cpp/turtlesim/msg/detail/dds_fastrtps/pose__type_support.cpp.o[0m
[6.811s] [ 28%] [34m[1mGenerating C type support for eProsima Fast-RTPS[0m
[7.020s] [ 29%] [32mBuilding CXX object CMakeFiles/turtlesim__rosidl_typesupport_cpp.dir/rosidl_typesupport_cpp/turtlesim/srv/teleport_absolute__type_support.cpp.o[0m
[7.126s] [ 30%] [32mBuilding CXX object CMakeFiles/turtlesim__rosidl_typesupport_introspection_cpp.dir/rosidl_typesupport_introspection_cpp/turtlesim/srv/detail/set_pen__type_support.cpp.o[0m
[7.583s] [ 31%] [32mBuilding CXX object CMakeFiles/turtlesim__rosidl_typesupport_cpp.dir/rosidl_typesupport_cpp/turtlesim/srv/teleport_relative__type_support.cpp.o[0m
[7.599s] [ 32%] [32mBuilding CXX object CMakeFiles/turtlesim__rosidl_typesupport_fastrtps_cpp.dir/rosidl_typesupport_fastrtps_cpp/turtlesim/srv/detail/dds_fastrtps/kill__type_support.cpp.o[0m
[7.817s] [ 33%] [32mBuilding CXX object CMakeFiles/turtlesim__rosidl_typesupport_introspection_cpp.dir/rosidl_typesupport_introspection_cpp/turtlesim/srv/detail/spawn__type_support.cpp.o[0m
[8.141s] [ 34%] [32m[1mLinking CXX shared library libturtlesim__rosidl_typesupport_cpp.so[0m
[8.275s] [ 34%] Built target turtlesim__rosidl_typesupport_cpp
[8.275s] [ 35%] [32mBuilding CXX object CMakeFiles/turtlesim__rosidl_typesupport_fastrtps_c.dir/rosidl_typesupport_fastrtps_c/turtlesim/action/detail/rotate_absolute__type_support_c.cpp.o[0m
[8.289s] [ 36%] [32mBuilding CXX object CMakeFiles/turtlesim__rosidl_typesupport_introspection_cpp.dir/rosidl_typesupport_introspection_cpp/turtlesim/srv/detail/teleport_absolute__type_support.cpp.o[0m
[8.430s] [ 37%] [32mBuilding CXX object CMakeFiles/turtlesim__rosidl_typesupport_fastrtps_cpp.dir/rosidl_typesupport_fastrtps_cpp/turtlesim/srv/detail/dds_fastrtps/set_pen__type_support.cpp.o[0m
[8.535s] [ 38%] [32mBuilding CXX object CMakeFiles/turtlesim__rosidl_typesupport_fastrtps_cpp.dir/rosidl_typesupport_fastrtps_cpp/turtlesim/srv/detail/dds_fastrtps/spawn__type_support.cpp.o[0m
[9.053s] [ 39%] [32mBuilding CXX object CMakeFiles/turtlesim__rosidl_typesupport_fastrtps_c.dir/rosidl_typesupport_fastrtps_c/turtlesim/msg/detail/color__type_support_c.cpp.o[0m
[9.087s] [ 40%] [32mBuilding CXX object CMakeFiles/turtlesim__rosidl_typesupport_introspection_cpp.dir/rosidl_typesupport_introspection_cpp/turtlesim/srv/detail/teleport_relative__type_support.cpp.o[0m
[9.319s] [ 41%] [32mBuilding CXX object CMakeFiles/turtlesim__rosidl_typesupport_fastrtps_c.dir/rosidl_typesupport_fastrtps_c/turtlesim/msg/detail/pose__type_support_c.cpp.o[0m
[9.435s] [ 42%] [32mBuilding CXX object CMakeFiles/turtlesim__rosidl_typesupport_fastrtps_cpp.dir/rosidl_typesupport_fastrtps_cpp/turtlesim/srv/detail/dds_fastrtps/teleport_absolute__type_support.cpp.o[0m
[9.754s] [ 43%] [32mBuilding CXX object CMakeFiles/turtlesim__rosidl_typesupport_fastrtps_cpp.dir/rosidl_typesupport_fastrtps_cpp/turtlesim/srv/detail/dds_fastrtps/teleport_relative__type_support.cpp.o[0m
[9.869s] [ 44%] [32m[1mLinking CXX shared library libturtlesim__rosidl_typesupport_introspection_cpp.so[0m
[10.004s] [ 45%] [32mBuilding CXX object CMakeFiles/turtlesim__rosidl_typesupport_fastrtps_c.dir/rosidl_typesupport_fastrtps_c/turtlesim/srv/detail/kill__type_support_c.cpp.o[0m
[10.017s] [ 45%] Built target turtlesim__rosidl_typesupport_introspection_cpp
[10.030s] [ 46%] [32mBuilding CXX object CMakeFiles/turtlesim__rosidl_typesupport_fastrtps_c.dir/rosidl_typesupport_fastrtps_c/turtlesim/srv/detail/set_pen__type_support_c.cpp.o[0m
[10.309s] [ 47%] [34m[1mGenerating C introspection for ROS interfaces[0m
[10.594s] [ 48%] [32m[1mLinking CXX shared library libturtlesim__rosidl_typesupport_fastrtps_cpp.so[0m
[10.720s] [ 48%] Built target turtlesim__rosidl_typesupport_fastrtps_cpp
[10.733s] [ 49%] [32mBuilding CXX object CMakeFiles/turtlesim__rosidl_typesupport_fastrtps_c.dir/rosidl_typesupport_fastrtps_c/turtlesim/srv/detail/spawn__type_support_c.cpp.o[0m
[10.741s] [ 50%] [34m[1mGenerating C type support dispatch for ROS interfaces[0m
[10.778s] [ 51%] [32mBuilding CXX object CMakeFiles/turtlesim__rosidl_typesupport_fastrtps_c.dir/rosidl_typesupport_fastrtps_c/turtlesim/srv/detail/teleport_absolute__type_support_c.cpp.o[0m
[11.397s] [ 52%] [34m[1mGenerating include/turtlesim/moc_turtle_frame.cpp[0m
[11.449s] [ 53%] [32mBuilding CXX object CMakeFiles/turtlesim__rosidl_typesupport_fastrtps_c.dir/rosidl_typesupport_fastrtps_c/turtlesim/srv/detail/teleport_relative__type_support_c.cpp.o[0m
[11.490s] [ 54%] [32mBuilding CXX object CMakeFiles/turtlesim_node.dir/src/turtlesim.cpp.o[0m
[11.624s] [ 55%] [32mBuilding C object CMakeFiles/turtlesim__rosidl_typesupport_introspection_c.dir/rosidl_typesupport_introspection_c/turtlesim/action/detail/rotate_absolute__type_support.c.o[0m
[11.651s] [ 56%] [32mBuilding CXX object CMakeFiles/turtlesim__rosidl_typesupport_c.dir/rosidl_typesupport_c/turtlesim/action/rotate_absolute__type_support.cpp.o[0m
[11.711s] [ 57%] [32mBuilding C object CMakeFiles/turtlesim__rosidl_typesupport_introspection_c.dir/rosidl_typesupport_introspection_c/turtlesim/msg/detail/color__type_support.c.o[0m
[11.751s] [ 58%] [32mBuilding CXX object CMakeFiles/turtlesim__rosidl_typesupport_c.dir/rosidl_typesupport_c/turtlesim/msg/color__type_support.cpp.o[0m
[11.781s] [ 59%] [32mBuilding C object CMakeFiles/turtlesim__rosidl_typesupport_introspection_c.dir/rosidl_typesupport_introspection_c/turtlesim/msg/detail/pose__type_support.c.o[0m
[11.815s] [ 60%] [32mBuilding CXX object CMakeFiles/turtlesim__rosidl_typesupport_c.dir/rosidl_typesupport_c/turtlesim/msg/pose__type_support.cpp.o[0m
[11.854s] [ 61%] [32mBuilding C object CMakeFiles/turtlesim__rosidl_typesupport_introspection_c.dir/rosidl_typesupport_introspection_c/turtlesim/srv/detail/kill__type_support.c.o[0m
[11.879s] [ 62%] [32mBuilding CXX object CMakeFiles/turtlesim__rosidl_typesupport_c.dir/rosidl_typesupport_c/turtlesim/srv/kill__type_support.cpp.o[0m
[11.926s] [ 63%] [32mBuilding C object CMakeFiles/turtlesim__rosidl_typesupport_introspection_c.dir/rosidl_typesupport_introspection_c/turtlesim/srv/detail/set_pen__type_support.c.o[0m
[11.945s] [ 64%] [32mBuilding CXX object CMakeFiles/turtlesim__rosidl_typesupport_c.dir/rosidl_typesupport_c/turtlesim/srv/set_pen__type_support.cpp.o[0m
[11.999s] [ 65%] [32mBuilding C object CMakeFiles/turtlesim__rosidl_typesupport_introspection_c.dir/rosidl_typesupport_introspection_c/turtlesim/srv/detail/spawn__type_support.c.o[0m
[12.012s] [ 66%] [32mBuilding CXX object CMakeFiles/turtlesim__rosidl_typesupport_c.dir/rosidl_typesupport_c/turtlesim/srv/spawn__type_support.cpp.o[0m
[12.074s] [ 67%] [32mBuilding C object CMakeFiles/turtlesim__rosidl_typesupport_introspection_c.dir/rosidl_typesupport_introspection_c/turtlesim/srv/detail/teleport_absolute__type_support.c.o[0m
[12.077s] [ 68%] [32mBuilding CXX object CMakeFiles/turtlesim__rosidl_typesupport_c.dir/rosidl_typesupport_c/turtlesim/srv/teleport_absolute__type_support.cpp.o[0m
[12.087s] [ 69%] [32m[1mLinking CXX shared library libturtlesim__rosidl_typesupport_fastrtps_c.so[0m
[12.137s] [ 70%] [32mBuilding C object CMakeFiles/turtlesim__rosidl_typesupport_introspection_c.dir/rosidl_typesupport_introspection_c/turtlesim/srv/detail/teleport_relative__type_support.c.o[0m
[12.137s] [ 71%] [32mBuilding CXX object CMakeFiles/turtlesim__rosidl_typesupport_c.dir/rosidl_typesupport_c/turtlesim/srv/teleport_relative__type_support.cpp.o[0m
[12.198s] [ 72%] [32m[1mLinking C shared library libturtlesim__rosidl_typesupport_introspection_c.so[0m
[12.198s] [ 73%] [32m[1mLinking CXX shared library libturtlesim__rosidl_typesupport_c.so[0m
[12.223s] [ 73%] Built target turtlesim__rosidl_typesupport_fastrtps_c
[12.237s] [ 74%] [32mBuilding CXX object CMakeFiles/turtlesim_node.dir/src/turtle.cpp.o[0m
[12.279s] [ 74%] Built target turtlesim__rosidl_typesupport_introspection_c
[12.299s] [ 75%] [32mBuilding CXX object CMakeFiles/turtlesim_node.dir/src/turtle_frame.cpp.o[0m
[12.329s] [ 75%] Built target turtlesim__rosidl_typesupport_c
[12.344s] [ 76%] [32mBuilding CXX object CMakeFiles/turtlesim_node.dir/include/turtlesim/moc_turtle_frame.cpp.o[0m
[19.735s] [ 77%] [32mBuilding CXX object CMakeFiles/turtle_teleop_key.dir/tutorials/teleop_turtle_key.cpp.o[0m
[20.717s] [ 78%] [32mBuilding CXX object CMakeFiles/draw_square.dir/tutorials/draw_square.cpp.o[0m
[28.165s] [ 79%] [32mBuilding CXX object CMakeFiles/mimic.dir/tutorials/mimic.cpp.o[0m
[28.436s] [ 80%] [32m[1mLinking CXX executable turtlesim_node[0m
[28.449s] [ 81%] [32m[1mLinking CXX executable turtle_teleop_key[0m
[28.798s] [ 81%] Built target turtle_teleop_key
[28.833s] [ 81%] Built target turtlesim
[28.869s] [ 82%] [34m[1mGenerating Python code for ROS interfaces[0m
[30.076s] [ 82%] Built target turtlesim_node
[31.385s] [ 82%] Built target turtlesim__py
[31.412s] [ 84%] [32mBuilding C object CMakeFiles/turtlesim__rosidl_generator_py.dir/rosidl_generator_py/turtlesim/action/_rotate_absolute_s.c.o[0m
[31.412s] [ 84%] [32mBuilding C object CMakeFiles/turtlesim__rosidl_generator_py.dir/rosidl_generator_py/turtlesim/msg/_color_s.c.o[0m
[31.630s] [ 85%] [32mBuilding C object CMakeFiles/turtlesim__rosidl_generator_py.dir/rosidl_generator_py/turtlesim/msg/_pose_s.c.o[0m
[31.664s] [ 86%] [32mBuilding C object CMakeFiles/turtlesim__rosidl_generator_py.dir/rosidl_generator_py/turtlesim/srv/_kill_s.c.o[0m
[31.847s] [ 87%] [32mBuilding C object CMakeFiles/turtlesim__rosidl_generator_py.dir/rosidl_generator_py/turtlesim/srv/_set_pen_s.c.o[0m
[31.891s] [ 88%] [32mBuilding C object CMakeFiles/turtlesim__rosidl_generator_py.dir/rosidl_generator_py/turtlesim/srv/_spawn_s.c.o[0m
[32.070s] [ 89%] [32mBuilding C object CMakeFiles/turtlesim__rosidl_generator_py.dir/rosidl_generator_py/turtlesim/srv/_teleport_absolute_s.c.o[0m
[32.117s] [ 90%] [32mBuilding C object CMakeFiles/turtlesim__rosidl_generator_py.dir/rosidl_generator_py/turtlesim/srv/_teleport_relative_s.c.o[0m
[32.321s] [ 91%] [32m[1mLinking C shared library rosidl_generator_py/turtlesim/libturtlesim__rosidl_generator_py.so[0m
[32.382s] [ 91%] Built target turtlesim__rosidl_generator_py
[32.411s] [ 93%] [32mBuilding C object CMakeFiles/turtlesim__rosidl_typesupport_fastrtps_c__pyext.dir/rosidl_generator_py/turtlesim/_turtlesim_s.ep.rosidl_typesupport_fastrtps_c.c.o[0m
[32.411s] [ 93%] [32mBuilding C object CMakeFiles/turtlesim__rosidl_typesupport_introspection_c__pyext.dir/rosidl_generator_py/turtlesim/_turtlesim_s.ep.rosidl_typesupport_introspection_c.c.o[0m
[32.689s] [ 95%] [32m[1mLinking C shared library rosidl_generator_py/turtlesim/turtlesim_s__rosidl_typesupport_fastrtps_c.cpython-310-x86_64-linux-gnu.so[0m
[32.691s] [ 95%] [32m[1mLinking C shared library rosidl_generator_py/turtlesim/turtlesim_s__rosidl_typesupport_introspection_c.cpython-310-x86_64-linux-gnu.so[0m
[32.777s] [ 95%] Built target turtlesim__rosidl_typesupport_fastrtps_c__pyext
[32.777s] [ 95%] Built target turtlesim__rosidl_typesupport_introspection_c__pyext
[32.800s] [ 96%] [32mBuilding C object CMakeFiles/turtlesim__rosidl_typesupport_c__pyext.dir/rosidl_generator_py/turtlesim/_turtlesim_s.ep.rosidl_typesupport_c.c.o[0m
[32.964s] [ 97%] [32m[1mLinking C shared library rosidl_generator_py/turtlesim/turtlesim_s__rosidl_typesupport_c.cpython-310-x86_64-linux-gnu.so[0m
[32.966s] [ 98%] [32m[1mLinking CXX executable draw_square[0m
[33.053s] [ 98%] Built target turtlesim__rosidl_typesupport_c__pyext
[33.344s] [ 98%] Built target draw_square
[36.485s] [100%] [32m[1mLinking CXX executable mimic[0m
[36.809s] [100%] Built target mimic
[36.825s] Invoked command in '/workspace/src/ros/build/turtlesim' returned '0': CMAKE_PREFIX_PATH=/opt/ros/humble /usr/bin/cmake --build /workspace/src/ros/build/turtlesim -- -j4 -l4
[36.837s] Invoking command in '/workspace/src/ros/build/turtlesim': CMAKE_PREFIX_PATH=/opt/ros/humble /usr/bin/cmake --install /workspace/src/ros/build/turtlesim
[36.845s] -- Install configuration: ""
[36.846s] -- Installing: /workspace/src/ros/install/turtlesim/share/ament_index/resource_index/rosidl_interfaces/turtlesim
[36.846s] -- Installing: /workspace/src/ros/install/turtlesim/include/turtlesim/turtlesim
[36.846s] -- Installing: /workspace/src/ros/install/turtlesim/include/turtlesim/turtlesim/action
[36.846s] -- Installing: /workspace/src/ros/install/turtlesim/include/turtlesim/turtlesim/action/detail
[36.847s] -- Installing: /workspace/src/ros/install/turtlesim/include/turtlesim/turtlesim/action/detail/rotate_absolute__functions.c
[36.847s] -- Installing: /workspace/src/ros/install/turtlesim/include/turtlesim/turtlesim/action/detail/rotate_absolute__type_support.h
[36.847s] -- Installing: /workspace/src/ros/install/turtlesim/include/turtlesim/turtlesim/action/detail/rotate_absolute__functions.h
[36.847s] -- Installing: /workspace/src/ros/install/turtlesim/include/turtlesim/turtlesim/action/detail/rotate_absolute__struct.h
[36.847s] -- Installing: /workspace/src/ros/install/turtlesim/include/turtlesim/turtlesim/action/rotate_absolute.h
[36.848s] -- Installing: /workspace/src/ros/install/turtlesim/include/turtlesim/turtlesim/srv
[36.848s] -- Installing: /workspace/src/ros/install/turtlesim/include/turtlesim/turtlesim/srv/detail
[36.848s] -- Installing: /workspace/src/ros/install/turtlesim/include/turtlesim/turtlesim/srv/detail/teleport_absolute__type_support.h
[36.848s] -- Installing: /workspace/src/ros/install/turtlesim/include/turtlesim/turtlesim/srv/detail/kill__type_support.h
[36.848s] -- Installing: /workspace/src/ros/install/turtlesim/include/turtlesim/turtlesim/srv/detail/spawn__functions.h
[36.849s] -- Installing: /workspace/src/ros/install/turtlesim/include/turtlesim/turtlesim/srv/detail/teleport_absolute__functions.h
[36.849s] -- Installing: /workspace/src/ros/install/turtlesim/include/turtlesim/turtlesim/srv/detail/teleport_absolute__functions.c
[36.849s] -- Installing: /workspace/src/ros/install/turtlesim/include/turtlesim/turtlesim/srv/detail/spawn__type_support.h
[36.849s] -- Installing: /workspace/src/ros/install/turtlesim/include/turtlesim/turtlesim/srv/detail/teleport_relative__functions.h
[36.849s] -- Installing: /workspace/src/ros/install/turtlesim/include/turtlesim/turtlesim/srv/detail/kill__functions.h
[36.850s] -- Installing: /workspace/src/ros/install/turtlesim/include/turtlesim/turtlesim/srv/detail/teleport_relative__type_support.h
[36.850s] -- Installing: /workspace/src/ros/install/turtlesim/include/turtlesim/turtlesim/srv/detail/kill__struct.h
[36.850s] -- Installing: /workspace/src/ros/install/turtlesim/include/turtlesim/turtlesim/srv/detail/set_pen__functions.h
[36.850s] -- Installing: /workspace/src/ros/install/turtlesim/include/turtlesim/turtlesim/srv/detail/set_pen__functions.c
[36.850s] -- Installing: /workspace/src/ros/install/turtlesim/include/turtlesim/turtlesim/srv/detail/set_pen__type_support.h
[36.851s] -- Installing: /workspace/src/ros/install/turtlesim/include/turtlesim/turtlesim/srv/detail/teleport_absolute__struct.h
[36.851s] -- Installing: /workspace/src/ros/install/turtlesim/include/turtlesim/turtlesim/srv/detail/spawn__functions.c
[36.851s] -- Installing: /workspace/src/ros/install/turtlesim/include/turtlesim/turtlesim/srv/detail/teleport_relative__functions.c
[36.851s] -- Installing: /workspace/src/ros/install/turtlesim/include/turtlesim/turtlesim/srv/detail/kill__functions.c
[36.851s] -- Installing: /workspace/src/ros/install/turtlesim/include/turtlesim/turtlesim/srv/detail/spawn__struct.h
[36.852s] -- Installing: /workspace/src/ros/install/turtlesim/include/turtlesim/turtlesim/srv/detail/teleport_relative__struct.h
[36.852s] -- Installing: /workspace/src/ros/install/turtlesim/include/turtlesim/turtlesim/srv/detail/set_pen__struct.h
[36.852s] -- Installing: /workspace/src/ros/install/turtlesim/include/turtlesim/turtlesim/srv/set_pen.h
[36.852s] -- Installing: /workspace/src/ros/install/turtlesim/include/turtlesim/turtlesim/srv/kill.h
[36.852s] -- Installing: /workspace/src/ros/install/turtlesim/include/turtlesim/turtlesim/srv/spawn.h
[36.853s] -- Installing: /workspace/src/ros/install/turtlesim/include/turtlesim/turtlesim/srv/teleport_absolute.h
[36.853s] -- Installing: /workspace/src/ros/install/turtlesim/include/turtlesim/turtlesim/srv/teleport_relative.h
[36.853s] -- Installing: /workspace/src/ros/install/turtlesim/include/turtlesim/turtlesim/msg
[36.853s] -- Installing: /workspace/src/ros/install/turtlesim/include/turtlesim/turtlesim/msg/pose.h
[36.853s] -- Installing: /workspace/src/ros/install/turtlesim/include/turtlesim/turtlesim/msg/detail
[36.854s] -- Installing: /workspace/src/ros/install/turtlesim/include/turtlesim/turtlesim/msg/detail/color__functions.h
[36.854s] -- Installing: /workspace/src/ros/install/turtlesim/include/turtlesim/turtlesim/msg/detail/color__struct.h
[36.854s] -- Installing: /workspace/src/ros/install/turtlesim/include/turtlesim/turtlesim/msg/detail/color__type_support.h
[36.854s] -- Installing: /workspace/src/ros/install/turtlesim/include/turtlesim/turtlesim/msg/detail/pose__functions.h
[36.854s] -- Installing: /workspace/src/ros/install/turtlesim/include/turtlesim/turtlesim/msg/detail/color__functions.c
[36.854s] -- Installing: /workspace/src/ros/install/turtlesim/include/turtlesim/turtlesim/msg/detail/pose__functions.c
[36.855s] -- Installing: /workspace/src/ros/install/turtlesim/include/turtlesim/turtlesim/msg/detail/pose__struct.h
[36.855s] -- Installing: /workspace/src/ros/install/turtlesim/include/turtlesim/turtlesim/msg/detail/pose__type_support.h
[36.855s] -- Installing: /workspace/src/ros/install/turtlesim/include/turtlesim/turtlesim/msg/rosidl_generator_c__visibility_control.h
[36.856s] -- Installing: /workspace/src/ros/install/turtlesim/include/turtlesim/turtlesim/msg/color.h
[36.856s] -- Installing: /workspace/src/ros/install/turtlesim/share/turtlesim/environment/library_path.sh
[36.856s] -- Installing: /workspace/src/ros/install/turtlesim/share/turtlesim/environment/library_path.dsv
[36.856s] -- Installing: /workspace/src/ros/install/turtlesim/lib/libturtlesim__rosidl_generator_c.so
[36.857s] -- Set runtime path of "/workspace/src/ros/install/turtlesim/lib/libturtlesim__rosidl_generator_c.so" to ""
[36.857s] -- Up-to-date: /workspace/src/ros/install/turtlesim/include/turtlesim/turtlesim
[36.857s] -- Up-to-date: /workspace/src/ros/install/turtlesim/include/turtlesim/turtlesim/action
[36.857s] -- Up-to-date: /workspace/src/ros/install/turtlesim/include/turtlesim/turtlesim/action/detail
[36.857s] -- Installing: /workspace/src/ros/install/turtlesim/include/turtlesim/turtlesim/action/detail/rotate_absolute__rosidl_typesupport_fastrtps_c.h
[36.857s] -- Up-to-date: /workspace/src/ros/install/turtlesim/include/turtlesim/turtlesim/srv
[36.857s] -- Up-to-date: /workspace/src/ros/install/turtlesim/include/turtlesim/turtlesim/srv/detail
[36.858s] -- Installing: /workspace/src/ros/install/turtlesim/include/turtlesim/turtlesim/srv/detail/teleport_relative__rosidl_typesupport_fastrtps_c.h
[36.858s] -- Installing: /workspace/src/ros/install/turtlesim/include/turtlesim/turtlesim/srv/detail/teleport_absolute__rosidl_typesupport_fastrtps_c.h
[36.858s] -- Installing: /workspace/src/ros/install/turtlesim/include/turtlesim/turtlesim/srv/detail/set_pen__rosidl_typesupport_fastrtps_c.h
[36.858s] -- Installing: /workspace/src/ros/install/turtlesim/include/turtlesim/turtlesim/srv/detail/spawn__rosidl_typesupport_fastrtps_c.h
[36.858s] -- Installing: /workspace/src/ros/install/turtlesim/include/turtlesim/turtlesim/srv/detail/kill__rosidl_typesupport_fastrtps_c.h
[36.858s] -- Up-to-date: /workspace/src/ros/install/turtlesim/include/turtlesim/turtlesim/msg
[36.859s] -- Installing: /workspace/src/ros/install/turtlesim/include/turtlesim/turtlesim/msg/rosidl_typesupport_fastrtps_c__visibility_control.h
[36.859s] -- Up-to-date: /workspace/src/ros/install/turtlesim/include/turtlesim/turtlesim/msg/detail
[36.859s] -- Installing: /workspace/src/ros/install/turtlesim/include/turtlesim/turtlesim/msg/detail/pose__rosidl_typesupport_fastrtps_c.h
[36.859s] -- Installing: /workspace/src/ros/install/turtlesim/include/turtlesim/turtlesim/msg/detail/color__rosidl_typesupport_fastrtps_c.h
[36.859s] -- Installing: /workspace/src/ros/install/turtlesim/lib/libturtlesim__rosidl_typesupport_fastrtps_c.so
[36.860s] -- Set runtime path of "/workspace/src/ros/install/turtlesim/lib/libturtlesim__rosidl_typesupport_fastrtps_c.so" to ""
[36.860s] -- Up-to-date: /workspace/src/ros/install/turtlesim/include/turtlesim/turtlesim
[36.860s] -- Up-to-date: /workspace/src/ros/install/turtlesim/include/turtlesim/turtlesim/action
[36.860s] -- Up-to-date: /workspace/src/ros/install/turtlesim/include/turtlesim/turtlesim/action/detail
[36.860s] -- Installing: /workspace/src/ros/install/turtlesim/include/turtlesim/turtlesim/action/detail/rotate_absolute__traits.hpp
[36.860s] -- Installing: /workspace/src/ros/install/turtlesim/include/turtlesim/turtlesim/action/detail/rotate_absolute__builder.hpp
[36.860s] -- Installing: /workspace/src/ros/install/turtlesim/include/turtlesim/turtlesim/action/detail/rotate_absolute__type_support.hpp
[36.860s] -- Installing: /workspace/src/ros/install/turtlesim/include/turtlesim/turtlesim/action/detail/rotate_absolute__struct.hpp
[36.861s] -- Installing: /workspace/src/ros/install/turtlesim/include/turtlesim/turtlesim/action/rotate_absolute.hpp
[36.861s] -- Up-to-date: /workspace/src/ros/install/turtlesim/include/turtlesim/turtlesim/srv
[36.861s] -- Up-to-date: /workspace/src/ros/install/turtlesim/include/turtlesim/turtlesim/srv/detail
[36.861s] -- Installing: /workspace/src/ros/install/turtlesim/include/turtlesim/turtlesim/srv/detail/teleport_absolute__traits.hpp
[36.861s] -- Installing: /workspace/src/ros/install/turtlesim/include/turtlesim/turtlesim/srv/detail/spawn__builder.hpp
[36.861s] -- Installing: /workspace/src/ros/install/turtlesim/include/turtlesim/turtlesim/srv/detail/teleport_absolute__builder.hpp
[36.862s] -- Installing: /workspace/src/ros/install/turtlesim/include/turtlesim/turtlesim/srv/detail/teleport_absolute__struct.hpp
[36.862s] -- Installing: /workspace/src/ros/install/turtlesim/include/turtlesim/turtlesim/srv/detail/set_pen__builder.hpp
[36.862s] -- Installing: /workspace/src/ros/install/turtlesim/include/turtlesim/turtlesim/srv/detail/set_pen__struct.hpp
[36.862s] -- Installing: /workspace/src/ros/install/turtlesim/include/turtlesim/turtlesim/srv/detail/set_pen__traits.hpp
[36.862s] -- Installing: /workspace/src/ros/install/turtlesim/include/turtlesim/turtlesim/srv/detail/kill__struct.hpp
[36.863s] -- Installing: /workspace/src/ros/install/turtlesim/include/turtlesim/turtlesim/srv/detail/teleport_absolute__type_support.hpp
[36.863s] -- Installing: /workspace/src/ros/install/turtlesim/include/turtlesim/turtlesim/srv/detail/teleport_relative__struct.hpp
[36.863s] -- Installing: /workspace/src/ros/install/turtlesim/include/turtlesim/turtlesim/srv/detail/kill__type_support.hpp
[36.863s] -- Installing: /workspace/src/ros/install/turtlesim/include/turtlesim/turtlesim/srv/detail/teleport_relative__builder.hpp
[36.863s] -- Installing: /workspace/src/ros/install/turtlesim/include/turtlesim/turtlesim/srv/detail/spawn__struct.hpp
[36.864s] -- Installing: /workspace/src/ros/install/turtlesim/include/turtlesim/turtlesim/srv/detail/teleport_relative__type_support.hpp
[36.864s] -- Installing: /workspace/src/ros/install/turtlesim/include/turtlesim/turtlesim/srv/detail/kill__traits.hpp
[36.864s] -- Installing: /workspace/src/ros/install/turtlesim/include/turtlesim/turtlesim/srv/detail/spawn__traits.hpp
[36.864s] -- Installing: /workspace/src/ros/install/turtlesim/include/turtlesim/turtlesim/srv/detail/kill__builder.hpp
[36.865s] -- Installing: /workspace/src/ros/install/turtlesim/include/turtlesim/turtlesim/srv/detail/spawn__type_support.hpp
[36.865s] -- Installing: /workspace/src/ros/install/turtlesim/include/turtlesim/turtlesim/srv/detail/set_pen__type_support.hpp
[36.865s] -- Installing: /workspace/src/ros/install/turtlesim/include/turtlesim/turtlesim/srv/detail/teleport_relative__traits.hpp
[36.865s] -- Installing: /workspace/src/ros/install/turtlesim/include/turtlesim/turtlesim/srv/kill.hpp
[36.865s] -- Installing: /workspace/src/ros/install/turtlesim/include/turtlesim/turtlesim/srv/teleport_relative.hpp
[36.865s] -- Installing: /workspace/src/ros/install/turtlesim/include/turtlesim/turtlesim/srv/spawn.hpp
[36.866s] -- Installing: /workspace/src/ros/install/turtlesim/include/turtlesim/turtlesim/srv/set_pen.hpp
[36.866s] -- Installing: /workspace/src/ros/install/turtlesim/include/turtlesim/turtlesim/srv/teleport_absolute.hpp
[36.866s] -- Up-to-date: /workspace/src/ros/install/turtlesim/include/turtlesim/turtlesim/msg
[36.866s] -- Installing: /workspace/src/ros/install/turtlesim/include/turtlesim/turtlesim/msg/pose.hpp
[36.866s] -- Installing: /workspace/src/ros/install/turtlesim/include/turtlesim/turtlesim/msg/rosidl_generator_cpp__visibility_control.hpp
[36.866s] -- Up-to-date: /workspace/src/ros/install/turtlesim/include/turtlesim/turtlesim/msg/detail
[36.867s] -- Installing: /workspace/src/ros/install/turtlesim/include/turtlesim/turtlesim/msg/detail/pose__builder.hpp
[36.867s] -- Installing: /workspace/src/ros/install/turtlesim/include/turtlesim/turtlesim/msg/detail/color__struct.hpp
[36.867s] -- Installing: /workspace/src/ros/install/turtlesim/include/turtlesim/turtlesim/msg/detail/pose__struct.hpp
[36.867s] -- Installing: /workspace/src/ros/install/turtlesim/include/turtlesim/turtlesim/msg/detail/pose__type_support.hpp
[36.867s] -- Installing: /workspace/src/ros/install/turtlesim/include/turtlesim/turtlesim/msg/detail/color__type_support.hpp
[36.867s] -- Installing: /workspace/src/ros/install/turtlesim/include/turtlesim/turtlesim/msg/detail/pose__traits.hpp
[36.867s] -- Installing: /workspace/src/ros/install/turtlesim/include/turtlesim/turtlesim/msg/detail/color__builder.hpp
[36.868s] -- Installing: /workspace/src/ros/install/turtlesim/include/turtlesim/turtlesim/msg/detail/color__traits.hpp
[36.868s] -- Installing: /workspace/src/ros/install/turtlesim/include/turtlesim/turtlesim/msg/color.hpp
[36.868s] -- Up-to-date: /workspace/src/ros/install/turtlesim/include/turtlesim/turtlesim
[36.868s] -- Up-to-date: /workspace/src/ros/install/turtlesim/include/turtlesim/turtlesim/action
[36.868s] -- Up-to-date: /workspace/src/ros/install/turtlesim/include/turtlesim/turtlesim/action/detail
[36.868s] -- Installing: /workspace/src/ros/install/turtlesim/include/turtlesim/turtlesim/action/detail/dds_fastrtps
[36.869s] -- Installing: /workspace/src/ros/install/turtlesim/include/turtlesim/turtlesim/action/detail/rotate_absolute__rosidl_typesupport_fastrtps_cpp.hpp
[36.869s] -- Up-to-date: /workspace/src/ros/install/turtlesim/include/turtlesim/turtlesim/srv
[36.869s] -- Up-to-date: /workspace/src/ros/install/turtlesim/include/turtlesim/turtlesim/srv/detail
[36.869s] -- Installing: /workspace/src/ros/install/turtlesim/include/turtlesim/turtlesim/srv/detail/kill__rosidl_typesupport_fastrtps_cpp.hpp
[36.869s] -- Installing: /workspace/src/ros/install/turtlesim/include/turtlesim/turtlesim/srv/detail/teleport_relative__rosidl_typesupport_fastrtps_cpp.hpp
[36.869s] -- Installing: /workspace/src/ros/install/turtlesim/include/turtlesim/turtlesim/srv/detail/teleport_absolute__rosidl_typesupport_fastrtps_cpp.hpp
[36.869s] -- Installing: /workspace/src/ros/install/turtlesim/include/turtlesim/turtlesim/srv/detail/dds_fastrtps
[36.869s] -- Installing: /workspace/src/ros/install/turtlesim/include/turtlesim/turtlesim/srv/detail/set_pen__rosidl_typesupport_fastrtps_cpp.hpp
[36.870s] -- Installing: /workspace/src/ros/install/turtlesim/include/turtlesim/turtlesim/srv/detail/spawn__rosidl_typesupport_fastrtps_cpp.hpp
[36.870s] -- Up-to-date: /workspace/src/ros/install/turtlesim/include/turtlesim/turtlesim/msg
[36.870s] -- Up-to-date: /workspace/src/ros/install/turtlesim/include/turtlesim/turtlesim/msg/detail
[36.870s] -- Installing: /workspace/src/ros/install/turtlesim/include/turtlesim/turtlesim/msg/detail/dds_fastrtps
[36.870s] -- Installing: /workspace/src/ros/install/turtlesim/include/turtlesim/turtlesim/msg/detail/color__rosidl_typesupport_fastrtps_cpp.hpp
[36.870s] -- Installing: /workspace/src/ros/install/turtlesim/include/turtlesim/turtlesim/msg/detail/pose__rosidl_typesupport_fastrtps_cpp.hpp
[36.870s] -- Installing: /workspace/src/ros/install/turtlesim/include/turtlesim/turtlesim/msg/rosidl_typesupport_fastrtps_cpp__visibility_control.h
[36.871s] -- Installing: /workspace/src/ros/install/turtlesim/lib/libturtlesim__rosidl_typesupport_fastrtps_cpp.so
[36.871s] -- Set runtime path of "/workspace/src/ros/install/turtlesim/lib/libturtlesim__rosidl_typesupport_fastrtps_cpp.so" to ""
[36.871s] -- Up-to-date: /workspace/src/ros/install/turtlesim/include/turtlesim/turtlesim
[36.872s] -- Up-to-date: /workspace/src/ros/install/turtlesim/include/turtlesim/turtlesim/action
[36.872s] -- Up-to-date: /workspace/src/ros/install/turtlesim/include/turtlesim/turtlesim/action/detail
[36.872s] -- Installing: /workspace/src/ros/install/turtlesim/include/turtlesim/turtlesim/action/detail/rotate_absolute__type_support.c
[36.872s] -- Installing: /workspace/src/ros/install/turtlesim/include/turtlesim/turtlesim/action/detail/rotate_absolute__rosidl_typesupport_introspection_c.h
[36.872s] -- Up-to-date: /workspace/src/ros/install/turtlesim/include/turtlesim/turtlesim/srv
[36.872s] -- Up-to-date: /workspace/src/ros/install/turtlesim/include/turtlesim/turtlesim/srv/detail
[36.872s] -- Installing: /workspace/src/ros/install/turtlesim/include/turtlesim/turtlesim/srv/detail/spawn__rosidl_typesupport_introspection_c.h
[36.873s] -- Installing: /workspace/src/ros/install/turtlesim/include/turtlesim/turtlesim/srv/detail/teleport_absolute__rosidl_typesupport_introspection_c.h
[36.873s] -- Installing: /workspace/src/ros/install/turtlesim/include/turtlesim/turtlesim/srv/detail/spawn__type_support.c
[36.873s] -- Installing: /workspace/src/ros/install/turtlesim/include/turtlesim/turtlesim/srv/detail/teleport_relative__type_support.c
[36.873s] -- Installing: /workspace/src/ros/install/turtlesim/include/turtlesim/turtlesim/srv/detail/set_pen__rosidl_typesupport_introspection_c.h
[36.873s] -- Installing: /workspace/src/ros/install/turtlesim/include/turtlesim/turtlesim/srv/detail/set_pen__type_support.c
[36.874s] -- Installing: /workspace/src/ros/install/turtlesim/include/turtlesim/turtlesim/srv/detail/kill__rosidl_typesupport_introspection_c.h
[36.874s] -- Installing: /workspace/src/ros/install/turtlesim/include/turtlesim/turtlesim/srv/detail/teleport_absolute__type_support.c
[36.874s] -- Installing: /workspace/src/ros/install/turtlesim/include/turtlesim/turtlesim/srv/detail/kill__type_support.c
[36.874s] -- Installing: /workspace/src/ros/install/turtlesim/include/turtlesim/turtlesim/srv/detail/teleport_relative__rosidl_typesupport_introspection_c.h
[36.874s] -- Up-to-date: /workspace/src/ros/install/turtlesim/include/turtlesim/turtlesim/msg
[36.875s] -- Up-to-date: /workspace/src/ros/install/turtlesim/include/turtlesim/turtlesim/msg/detail
[36.875s] -- Installing: /workspace/src/ros/install/turtlesim/include/turtlesim/turtlesim/msg/detail/color__rosidl_typesupport_introspection_c.h
[36.875s] -- Installing: /workspace/src/ros/install/turtlesim/include/turtlesim/turtlesim/msg/detail/color__type_support.c
[36.875s] -- Installing: /workspace/src/ros/install/turtlesim/include/turtlesim/turtlesim/msg/detail/pose__type_support.c
[36.875s] -- Installing: /workspace/src/ros/install/turtlesim/include/turtlesim/turtlesim/msg/detail/pose__rosidl_typesupport_introspection_c.h
[36.875s] -- Installing: /workspace/src/ros/install/turtlesim/include/turtlesim/turtlesim/msg/rosidl_typesupport_introspection_c__visibility_control.h
[36.876s] -- Installing: /workspace/src/ros/install/turtlesim/lib/libturtlesim__rosidl_typesupport_introspection_c.so
[36.876s] -- Set runtime path of "/workspace/src/ros/install/turtlesim/lib/libturtlesim__rosidl_typesupport_introspection_c.so" to ""
[36.876s] -- Installing: /workspace/src/ros/install/turtlesim/lib/libturtlesim__rosidl_typesupport_c.so
[36.877s] -- Set runtime path of "/workspace/src/ros/install/turtlesim/lib/libturtlesim__rosidl_typesupport_c.so" to ""
[36.877s] -- Up-to-date: /workspace/src/ros/install/turtlesim/include/turtlesim/turtlesim
[36.877s] -- Up-to-date: /workspace/src/ros/install/turtlesim/include/turtlesim/turtlesim/action
[36.877s] -- Up-to-date: /workspace/src/ros/install/turtlesim/include/turtlesim/turtlesim/action/detail
[36.877s] -- Installing: /workspace/src/ros/install/turtlesim/include/turtlesim/turtlesim/action/detail/rotate_absolute__rosidl_typesupport_introspection_cpp.hpp
[36.878s] -- Installing: /workspace/src/ros/install/turtlesim/include/turtlesim/turtlesim/action/detail/rotate_absolute__type_support.cpp
[36.878s] -- Up-to-date: /workspace/src/ros/install/turtlesim/include/turtlesim/turtlesim/srv
[36.878s] -- Up-to-date: /workspace/src/ros/install/turtlesim/include/turtlesim/turtlesim/srv/detail
[36.878s] -- Installing: /workspace/src/ros/install/turtlesim/include/turtlesim/turtlesim/srv/detail/teleport_absolute__type_support.cpp
[36.878s] -- Installing: /workspace/src/ros/install/turtlesim/include/turtlesim/turtlesim/srv/detail/spawn__rosidl_typesupport_introspection_cpp.hpp
[36.878s] -- Installing: /workspace/src/ros/install/turtlesim/include/turtlesim/turtlesim/srv/detail/teleport_absolute__rosidl_typesupport_introspection_cpp.hpp
[36.878s] -- Installing: /workspace/src/ros/install/turtlesim/include/turtlesim/turtlesim/srv/detail/set_pen__rosidl_typesupport_introspection_cpp.hpp
[36.879s] -- Installing: /workspace/src/ros/install/turtlesim/include/turtlesim/turtlesim/srv/detail/teleport_relative__rosidl_typesupport_introspection_cpp.hpp
[36.879s] -- Installing: /workspace/src/ros/install/turtlesim/include/turtlesim/turtlesim/srv/detail/spawn__type_support.cpp
[36.879s] -- Installing: /workspace/src/ros/install/turtlesim/include/turtlesim/turtlesim/srv/detail/set_pen__type_support.cpp
[36.879s] -- Installing: /workspace/src/ros/install/turtlesim/include/turtlesim/turtlesim/srv/detail/teleport_relative__type_support.cpp
[36.880s] -- Installing: /workspace/src/ros/install/turtlesim/include/turtlesim/turtlesim/srv/detail/kill__type_support.cpp
[36.880s] -- Installing: /workspace/src/ros/install/turtlesim/include/turtlesim/turtlesim/srv/detail/kill__rosidl_typesupport_introspection_cpp.hpp
[36.880s] -- Up-to-date: /workspace/src/ros/install/turtlesim/include/turtlesim/turtlesim/msg
[36.880s] -- Up-to-date: /workspace/src/ros/install/turtlesim/include/turtlesim/turtlesim/msg/detail
[36.880s] -- Installing: /workspace/src/ros/install/turtlesim/include/turtlesim/turtlesim/msg/detail/color__rosidl_typesupport_introspection_cpp.hpp
[36.880s] -- Installing: /workspace/src/ros/install/turtlesim/include/turtlesim/turtlesim/msg/detail/color__type_support.cpp
[36.881s] -- Installing: /workspace/src/ros/install/turtlesim/include/turtlesim/turtlesim/msg/detail/pose__type_support.cpp
[36.881s] -- Installing: /workspace/src/ros/install/turtlesim/include/turtlesim/turtlesim/msg/detail/pose__rosidl_typesupport_introspection_cpp.hpp
[36.881s] -- Installing: /workspace/src/ros/install/turtlesim/lib/libturtlesim__rosidl_typesupport_introspection_cpp.so
[36.882s] -- Set runtime path of "/workspace/src/ros/install/turtlesim/lib/libturtlesim__rosidl_typesupport_introspection_cpp.so" to ""
[36.882s] -- Installing: /workspace/src/ros/install/turtlesim/lib/libturtlesim__rosidl_typesupport_cpp.so
[36.882s] -- Set runtime path of "/workspace/src/ros/install/turtlesim/lib/libturtlesim__rosidl_typesupport_cpp.so" to ""
[36.882s] -- Installing: /workspace/src/ros/install/turtlesim/share/turtlesim/environment/pythonpath.sh
[36.883s] -- Installing: /workspace/src/ros/install/turtlesim/share/turtlesim/environment/pythonpath.dsv
[36.883s] -- Installing: /workspace/src/ros/install/turtlesim/local/lib/python3.10/dist-packages/turtlesim-1.4.3-py3.10.egg-info
[36.883s] -- Installing: /workspace/src/ros/install/turtlesim/local/lib/python3.10/dist-packages/turtlesim-1.4.3-py3.10.egg-info/PKG-INFO
[36.883s] -- Installing: /workspace/src/ros/install/turtlesim/local/lib/python3.10/dist-packages/turtlesim-1.4.3-py3.10.egg-info/dependency_links.txt
[36.883s] -- Installing: /workspace/src/ros/install/turtlesim/local/lib/python3.10/dist-packages/turtlesim-1.4.3-py3.10.egg-info/top_level.txt
[36.884s] -- Installing: /workspace/src/ros/install/turtlesim/local/lib/python3.10/dist-packages/turtlesim-1.4.3-py3.10.egg-info/SOURCES.txt
[36.884s] -- Installing: /workspace/src/ros/install/turtlesim/local/lib/python3.10/dist-packages/turtlesim
[36.884s] -- Installing: /workspace/src/ros/install/turtlesim/local/lib/python3.10/dist-packages/turtlesim/__init__.py
[36.884s] -- Installing: /workspace/src/ros/install/turtlesim/local/lib/python3.10/dist-packages/turtlesim/action
[36.884s] -- Installing: /workspace/src/ros/install/turtlesim/local/lib/python3.10/dist-packages/turtlesim/action/__init__.py
[36.885s] -- Installing: /workspace/src/ros/install/turtlesim/local/lib/python3.10/dist-packages/turtlesim/action/_rotate_absolute_s.c
[36.885s] -- Installing: /workspace/src/ros/install/turtlesim/local/lib/python3.10/dist-packages/turtlesim/action/_rotate_absolute.py
[36.885s] -- Installing: /workspace/src/ros/install/turtlesim/local/lib/python3.10/dist-packages/turtlesim/turtlesim_s__rosidl_typesupport_introspection_c.cpython-310-x86_64-linux-gnu.so
[36.885s] -- Installing: /workspace/src/ros/install/turtlesim/local/lib/python3.10/dist-packages/turtlesim/turtlesim_s__rosidl_typesupport_fastrtps_c.cpython-310-x86_64-linux-gnu.so
[36.886s] -- Installing: /workspace/src/ros/install/turtlesim/local/lib/python3.10/dist-packages/turtlesim/_turtlesim_s.ep.rosidl_typesupport_introspection_c.c
[36.886s] -- Installing: /workspace/src/ros/install/turtlesim/local/lib/python3.10/dist-packages/turtlesim/turtlesim_s__rosidl_typesupport_c.cpython-310-x86_64-linux-gnu.so
[36.886s] -- Installing: /workspace/src/ros/install/turtlesim/local/lib/python3.10/dist-packages/turtlesim/_turtlesim_s.ep.rosidl_typesupport_c.c
[36.887s] -- Installing: /workspace/src/ros/install/turtlesim/local/lib/python3.10/dist-packages/turtlesim/_turtlesim_s.ep.rosidl_typesupport_fastrtps_c.c
[36.887s] -- Installing: /workspace/src/ros/install/turtlesim/local/lib/python3.10/dist-packages/turtlesim/srv
[36.887s] -- Installing: /workspace/src/ros/install/turtlesim/local/lib/python3.10/dist-packages/turtlesim/srv/_set_pen.py
[36.887s] -- Installing: /workspace/src/ros/install/turtlesim/local/lib/python3.10/dist-packages/turtlesim/srv/__init__.py
[36.887s] -- Installing: /workspace/src/ros/install/turtlesim/local/lib/python3.10/dist-packages/turtlesim/srv/_teleport_relative.py
[36.888s] -- Installing: /workspace/src/ros/install/turtlesim/local/lib/python3.10/dist-packages/turtlesim/srv/_spawn_s.c
[36.888s] -- Installing: /workspace/src/ros/install/turtlesim/local/lib/python3.10/dist-packages/turtlesim/srv/_teleport_absolute.py
[36.888s] -- Installing: /workspace/src/ros/install/turtlesim/local/lib/python3.10/dist-packages/turtlesim/srv/_teleport_absolute_s.c
[36.888s] -- Installing: /workspace/src/ros/install/turtlesim/local/lib/python3.10/dist-packages/turtlesim/srv/_kill.py
[36.889s] -- Installing: /workspace/src/ros/install/turtlesim/local/lib/python3.10/dist-packages/turtlesim/srv/_spawn.py
[36.889s] -- Installing: /workspace/src/ros/install/turtlesim/local/lib/python3.10/dist-packages/turtlesim/srv/_kill_s.c
[36.889s] -- Installing: /workspace/src/ros/install/turtlesim/local/lib/python3.10/dist-packages/turtlesim/srv/_set_pen_s.c
[36.889s] -- Installing: /workspace/src/ros/install/turtlesim/local/lib/python3.10/dist-packages/turtlesim/srv/_teleport_relative_s.c
[36.889s] -- Installing: /workspace/src/ros/install/turtlesim/local/lib/python3.10/dist-packages/turtlesim/msg
[36.889s] -- Installing: /workspace/src/ros/install/turtlesim/local/lib/python3.10/dist-packages/turtlesim/msg/__init__.py
[36.890s] -- Installing: /workspace/src/ros/install/turtlesim/local/lib/python3.10/dist-packages/turtlesim/msg/_color_s.c
[36.890s] -- Installing: /workspace/src/ros/install/turtlesim/local/lib/python3.10/dist-packages/turtlesim/msg/_pose_s.c
[36.890s] -- Installing: /workspace/src/ros/install/turtlesim/local/lib/python3.10/dist-packages/turtlesim/msg/_pose.py
[36.890s] -- Installing: /workspace/src/ros/install/turtlesim/local/lib/python3.10/dist-packages/turtlesim/msg/_color.py
[36.891s] -- Installing: /workspace/src/ros/install/turtlesim/local/lib/python3.10/dist-packages/turtlesim/libturtlesim__rosidl_generator_py.so
[36.938s] Listing '/workspace/src/ros/install/turtlesim/local/lib/python3.10/dist-packages/turtlesim'...
[36.938s] Compiling '/workspace/src/ros/install/turtlesim/local/lib/python3.10/dist-packages/turtlesim/__init__.py'...
[36.939s] Listing '/workspace/src/ros/install/turtlesim/local/lib/python3.10/dist-packages/turtlesim/action'...
[36.939s] Compiling '/workspace/src/ros/install/turtlesim/local/lib/python3.10/dist-packages/turtlesim/action/__init__.py'...
[36.939s] Compiling '/workspace/src/ros/install/turtlesim/local/lib/python3.10/dist-packages/turtlesim/action/_rotate_absolute.py'...
[36.939s] Listing '/workspace/src/ros/install/turtlesim/local/lib/python3.10/dist-packages/turtlesim/msg'...
[36.939s] Compiling '/workspace/src/ros/install/turtlesim/local/lib/python3.10/dist-packages/turtlesim/msg/__init__.py'...
[36.939s] Compiling '/workspace/src/ros/install/turtlesim/local/lib/python3.10/dist-packages/turtlesim/msg/_color.py'...
[36.939s] Compiling '/workspace/src/ros/install/turtlesim/local/lib/python3.10/dist-packages/turtlesim/msg/_pose.py'...
[36.939s] Listing '/workspace/src/ros/install/turtlesim/local/lib/python3.10/dist-packages/turtlesim/srv'...
[36.939s] Compiling '/workspace/src/ros/install/turtlesim/local/lib/python3.10/dist-packages/turtlesim/srv/__init__.py'...
[36.939s] Compiling '/workspace/src/ros/install/turtlesim/local/lib/python3.10/dist-packages/turtlesim/srv/_kill.py'...
[36.939s] Compiling '/workspace/src/ros/install/turtlesim/local/lib/python3.10/dist-packages/turtlesim/srv/_set_pen.py'...
[36.939s] Compiling '/workspace/src/ros/install/turtlesim/local/lib/python3.10/dist-packages/turtlesim/srv/_spawn.py'...
[36.939s] Compiling '/workspace/src/ros/install/turtlesim/local/lib/python3.10/dist-packages/turtlesim/srv/_teleport_absolute.py'...
[36.939s] Compiling '/workspace/src/ros/install/turtlesim/local/lib/python3.10/dist-packages/turtlesim/srv/_teleport_relative.py'...
[36.944s] -- Installing: /workspace/src/ros/install/turtlesim/local/lib/python3.10/dist-packages/turtlesim/turtlesim_s__rosidl_typesupport_fastrtps_c.cpython-310-x86_64-linux-gnu.so
[36.944s] -- Set runtime path of "/workspace/src/ros/install/turtlesim/local/lib/python3.10/dist-packages/turtlesim/turtlesim_s__rosidl_typesupport_fastrtps_c.cpython-310-x86_64-linux-gnu.so" to ""
[36.945s] -- Installing: /workspace/src/ros/install/turtlesim/local/lib/python3.10/dist-packages/turtlesim/turtlesim_s__rosidl_typesupport_introspection_c.cpython-310-x86_64-linux-gnu.so
[36.945s] -- Set runtime path of "/workspace/src/ros/install/turtlesim/local/lib/python3.10/dist-packages/turtlesim/turtlesim_s__rosidl_typesupport_introspection_c.cpython-310-x86_64-linux-gnu.so" to ""
[36.946s] -- Installing: /workspace/src/ros/install/turtlesim/local/lib/python3.10/dist-packages/turtlesim/turtlesim_s__rosidl_typesupport_c.cpython-310-x86_64-linux-gnu.so
[36.946s] -- Set runtime path of "/workspace/src/ros/install/turtlesim/local/lib/python3.10/dist-packages/turtlesim/turtlesim_s__rosidl_typesupport_c.cpython-310-x86_64-linux-gnu.so" to ""
[36.947s] -- Installing: /workspace/src/ros/install/turtlesim/lib/libturtlesim__rosidl_generator_py.so
[36.947s] -- Set runtime path of "/workspace/src/ros/install/turtlesim/lib/libturtlesim__rosidl_generator_py.so" to ""
[36.947s] -- Installing: /workspace/src/ros/install/turtlesim/share/turtlesim/action/RotateAbsolute.idl
[36.948s] -- Installing: /workspace/src/ros/install/turtlesim/share/turtlesim/msg/Color.idl
[36.948s] -- Installing: /workspace/src/ros/install/turtlesim/share/turtlesim/msg/Pose.idl
[36.948s] -- Installing: /workspace/src/ros/install/turtlesim/share/turtlesim/srv/Kill.idl
[36.948s] -- Installing: /workspace/src/ros/install/turtlesim/share/turtlesim/srv/SetPen.idl
[36.949s] -- Installing: /workspace/src/ros/install/turtlesim/share/turtlesim/srv/Spawn.idl
[36.949s] -- Installing: /workspace/src/ros/install/turtlesim/share/turtlesim/srv/TeleportAbsolute.idl
[36.949s] -- Installing: /workspace/src/ros/install/turtlesim/share/turtlesim/srv/TeleportRelative.idl
[36.949s] -- Installing: /workspace/src/ros/install/turtlesim/share/turtlesim/action/RotateAbsolute.action
[36.949s] -- Installing: /workspace/src/ros/install/turtlesim/share/turtlesim/msg/Color.msg
[36.950s] -- Installing: /workspace/src/ros/install/turtlesim/share/turtlesim/msg/Pose.msg
[36.950s] -- Installing: /workspace/src/ros/install/turtlesim/share/turtlesim/srv/Kill.srv
[36.950s] -- Installing: /workspace/src/ros/install/turtlesim/share/turtlesim/srv/Kill_Request.msg
[36.950s] -- Installing: /workspace/src/ros/install/turtlesim/share/turtlesim/srv/Kill_Response.msg
[36.950s] -- Installing: /workspace/src/ros/install/turtlesim/share/turtlesim/srv/SetPen.srv
[36.950s] -- Installing: /workspace/src/ros/install/turtlesim/share/turtlesim/srv/SetPen_Request.msg
[36.951s] -- Installing: /workspace/src/ros/install/turtlesim/share/turtlesim/srv/SetPen_Response.msg
[36.951s] -- Installing: /workspace/src/ros/install/turtlesim/share/turtlesim/srv/Spawn.srv
[36.951s] -- Installing: /workspace/src/ros/install/turtlesim/share/turtlesim/srv/Spawn_Request.msg
[36.951s] -- Installing: /workspace/src/ros/install/turtlesim/share/turtlesim/srv/Spawn_Response.msg
[36.951s] -- Installing: /workspace/src/ros/install/turtlesim/share/turtlesim/srv/TeleportAbsolute.srv
[36.951s] -- Installing: /workspace/src/ros/install/turtlesim/share/turtlesim/srv/TeleportAbsolute_Request.msg
[36.952s] -- Installing: /workspace/src/ros/install/turtlesim/share/turtlesim/srv/TeleportAbsolute_Response.msg
[36.952s] -- Installing: /workspace/src/ros/install/turtlesim/share/turtlesim/srv/TeleportRelative.srv
[36.952s] -- Installing: /workspace/src/ros/install/turtlesim/share/turtlesim/srv/TeleportRelative_Request.msg
[36.952s] -- Installing: /workspace/src/ros/install/turtlesim/share/turtlesim/srv/TeleportRelative_Response.msg
[36.952s] -- Installing: /workspace/src/ros/install/turtlesim/lib/turtlesim/turtlesim_node
[36.960s] -- Set runtime path of "/workspace/src/ros/install/turtlesim/lib/turtlesim/turtlesim_node" to ""
[36.960s] -- Installing: /workspace/src/ros/install/turtlesim/lib/turtlesim/turtle_teleop_key
[36.962s] -- Set runtime path of "/workspace/src/ros/install/turtlesim/lib/turtlesim/turtle_teleop_key" to ""
[36.962s] -- Installing: /workspace/src/ros/install/turtlesim/lib/turtlesim/draw_square
[36.966s] -- Set runtime path of "/workspace/src/ros/install/turtlesim/lib/turtlesim/draw_square" to ""
[36.966s] -- Installing: /workspace/src/ros/install/turtlesim/lib/turtlesim/mimic
[36.969s] -- Set runtime path of "/workspace/src/ros/install/turtlesim/lib/turtlesim/mimic" to ""
[36.969s] -- Installing: /workspace/src/ros/install/turtlesim/share/turtlesim/images
[36.969s] -- Installing: /workspace/src/ros/install/turtlesim/share/turtlesim/images/rolling.png
[36.970s] -- Installing: /workspace/src/ros/install/turtlesim/share/turtlesim/images/bouncy.png
[36.970s] -- Installing: /workspace/src/ros/install/turtlesim/share/turtlesim/images/ardent.png
[36.970s] -- Installing: /workspace/src/ros/install/turtlesim/share/turtlesim/images/humble.png
[36.970s] -- Installing: /workspace/src/ros/install/turtlesim/share/turtlesim/images/dashing.png
[36.970s] -- Installing: /workspace/src/ros/install/turtlesim/share/turtlesim/images/galactic.png
[36.970s] -- Installing: /workspace/src/ros/install/turtlesim/share/turtlesim/images/foxy.png
[36.971s] -- Installing: /workspace/src/ros/install/turtlesim/share/turtlesim/images/crystal.png
[36.971s] -- Installing: /workspace/src/ros/install/turtlesim/share/turtlesim/images/eloquent.png
[36.971s] -- Installing: /workspace/src/ros/install/turtlesim/share/turtlesim/launch
[36.971s] -- Installing: /workspace/src/ros/install/turtlesim/share/turtlesim/launch/multisim.launch.py
[36.971s] -- Installing: /workspace/src/ros/install/turtlesim/share/ament_index/resource_index/package_run_dependencies/turtlesim
[36.971s] -- Installing: /workspace/src/ros/install/turtlesim/share/ament_index/resource_index/parent_prefix_path/turtlesim
[36.972s] -- Installing: /workspace/src/ros/install/turtlesim/share/turtlesim/environment/ament_prefix_path.sh
[36.972s] -- Installing: /workspace/src/ros/install/turtlesim/share/turtlesim/environment/ament_prefix_path.dsv
[36.972s] -- Installing: /workspace/src/ros/install/turtlesim/share/turtlesim/environment/path.sh
[36.972s] -- Installing: /workspace/src/ros/install/turtlesim/share/turtlesim/environment/path.dsv
[36.972s] -- Installing: /workspace/src/ros/install/turtlesim/share/turtlesim/local_setup.bash
[36.972s] -- Installing: /workspace/src/ros/install/turtlesim/share/turtlesim/local_setup.sh
[36.973s] -- Installing: /workspace/src/ros/install/turtlesim/share/turtlesim/local_setup.zsh
[36.973s] -- Installing: /workspace/src/ros/install/turtlesim/share/turtlesim/local_setup.dsv
[36.973s] -- Installing: /workspace/src/ros/install/turtlesim/share/turtlesim/package.dsv
[36.973s] -- Installing: /workspace/src/ros/install/turtlesim/share/ament_index/resource_index/packages/turtlesim
[36.973s] -- Installing: /workspace/src/ros/install/turtlesim/share/turtlesim/cmake/export_turtlesim__rosidl_generator_cExport.cmake
[36.974s] -- Installing: /workspace/src/ros/install/turtlesim/share/turtlesim/cmake/export_turtlesim__rosidl_generator_cExport-noconfig.cmake
[36.974s] -- Installing: /workspace/src/ros/install/turtlesim/share/turtlesim/cmake/export_turtlesim__rosidl_typesupport_fastrtps_cExport.cmake
[36.974s] -- Installing: /workspace/src/ros/install/turtlesim/share/turtlesim/cmake/export_turtlesim__rosidl_typesupport_fastrtps_cExport-noconfig.cmake
[36.974s] -- Installing: /workspace/src/ros/install/turtlesim/share/turtlesim/cmake/export_turtlesim__rosidl_generator_cppExport.cmake
[36.974s] -- Installing: /workspace/src/ros/install/turtlesim/share/turtlesim/cmake/export_turtlesim__rosidl_typesupport_fastrtps_cppExport.cmake
[36.974s] -- Installing: /workspace/src/ros/install/turtlesim/share/turtlesim/cmake/export_turtlesim__rosidl_typesupport_fastrtps_cppExport-noconfig.cmake
[36.975s] -- Installing: /workspace/src/ros/install/turtlesim/share/turtlesim/cmake/turtlesim__rosidl_typesupport_introspection_cExport.cmake
[36.975s] -- Installing: /workspace/src/ros/install/turtlesim/share/turtlesim/cmake/turtlesim__rosidl_typesupport_introspection_cExport-noconfig.cmake
[36.975s] -- Installing: /workspace/src/ros/install/turtlesim/share/turtlesim/cmake/turtlesim__rosidl_typesupport_cExport.cmake
[36.975s] -- Installing: /workspace/src/ros/install/turtlesim/share/turtlesim/cmake/turtlesim__rosidl_typesupport_cExport-noconfig.cmake
[36.975s] -- Installing: /workspace/src/ros/install/turtlesim/share/turtlesim/cmake/turtlesim__rosidl_typesupport_introspection_cppExport.cmake
[36.975s] -- Installing: /workspace/src/ros/install/turtlesim/share/turtlesim/cmake/turtlesim__rosidl_typesupport_introspection_cppExport-noconfig.cmake
[36.976s] -- Installing: /workspace/src/ros/install/turtlesim/share/turtlesim/cmake/turtlesim__rosidl_typesupport_cppExport.cmake
[36.976s] -- Installing: /workspace/src/ros/install/turtlesim/share/turtlesim/cmake/turtlesim__rosidl_typesupport_cppExport-noconfig.cmake
[36.976s] -- Installing: /workspace/src/ros/install/turtlesim/share/turtlesim/cmake/export_turtlesim__rosidl_generator_pyExport.cmake
[36.976s] -- Installing: /workspace/src/ros/install/turtlesim/share/turtlesim/cmake/export_turtlesim__rosidl_generator_pyExport-noconfig.cmake
[36.976s] -- Installing: /workspace/src/ros/install/turtlesim/share/turtlesim/cmake/rosidl_cmake-extras.cmake
[36.977s] -- Installing: /workspace/src/ros/install/turtlesim/share/turtlesim/cmake/ament_cmake_export_dependencies-extras.cmake
[36.977s] -- Installing: /workspace/src/ros/install/turtlesim/share/turtlesim/cmake/ament_cmake_export_include_directories-extras.cmake
[36.977s] -- Installing: /workspace/src/ros/install/turtlesim/share/turtlesim/cmake/ament_cmake_export_libraries-extras.cmake
[36.977s] -- Installing: /workspace/src/ros/install/turtlesim/share/turtlesim/cmake/ament_cmake_export_targets-extras.cmake
[36.977s] -- Installing: /workspace/src/ros/install/turtlesim/share/turtlesim/cmake/rosidl_cmake_export_typesupport_targets-extras.cmake
[36.977s] -- Installing: /workspace/src/ros/install/turtlesim/share/turtlesim/cmake/rosidl_cmake_export_typesupport_libraries-extras.cmake
[36.978s] -- Installing: /workspace/src/ros/install/turtlesim/share/turtlesim/cmake/turtlesimConfig.cmake
[36.978s] -- Installing: /workspace/src/ros/install/turtlesim/share/turtlesim/cmake/turtlesimConfig-version.cmake
[36.978s] -- Installing: /workspace/src/ros/install/turtlesim/share/turtlesim/package.xml
[36.981s] Invoked command in '/workspace/src/ros/build/turtlesim' returned '0': CMAKE_PREFIX_PATH=/opt/ros/humble /usr/bin/cmake --install /workspace/src/ros/build/turtlesim
